
> puffy-parallax@0.0.1 deploy
> astro build && wrangler deploy --config dist/server/wrangler.json

[2m01:17:44[22m [34m[@astrojs/cloudflare][39m Enabling image processing with Cloudflare Images for production with the "IMAGES" Images binding.
[2m01:17:44[22m [34m[@astrojs/cloudflare][39m Enabling sessions with Cloudflare KV with the "SESSION" KV binding.
[2m01:17:45[22m [34m[types][39m Generated [2m236ms[22m
[2m01:17:45[22m [34m[build][39m output: [34m"server"[39m
[2m01:17:45[22m [34m[build][39m mode: [34m"server"[39m
[2m01:17:45[22m [34m[build][39m directory: [34mF:\learning\website_development\siddharthstudious\puffy-parallax\dist\[39m
[2m01:17:45[22m [34m[build][39m adapter: [32m@astrojs/cloudflare[39m
[2m01:17:45[22m [34m[build][39m Collecting build info...
[2m01:17:45[22m [34m[build][39m [32m✓ Completed in 432ms.[39m
[2m01:17:45[22m [34m[build][39m Building server entrypoints...
Using secrets defined in .env
[2m01:17:46[22m [34m[vite][39m [32m✓ built in 1.28s[39m
Using secrets defined in .env
[2m01:17:50[22m [34m[vite][39m [32m✓ built in 3.52s[39m
[33m[1m01:18:00[22m [WARN] [vite][39m [33m[plugin builtin:vite-reporter] 
(!) Some chunks are larger than 500 kB after minification. Consider:
- Using dynamic import() to code-split the application
- Use build.rolldownOptions.output.codeSplitting to improve chunking: https://rolldown.rs/reference/OutputOptions.codeSplitting
- Adjust chunk size limit for this warning via build.chunkSizeWarningLimit.[39m
[2m01:18:00[22m [34m[vite][39m [32m✓ built in 10.41s[39m
[2m01:18:00[22m [34m[build][39m Rearranging server assets...
[2m01:18:00[22m [34m[build][39m [32m✓ Completed in 15.53s.[39m
[2m01:18:00[22m [34m[@astrojs/cloudflare][39m Injected immutable Cache-Control for /_astro/* into _headers.
[2m01:18:00[22m [34m[build][39m Server built in [1m16.02s[22m
[2m01:18:00[22m [34m[build][39m [1mComplete![22m

 ⛅️ wrangler 4.105.0
────────────────────
Attaching additional modules:
┌───────────────────────────────────────────────────────────┬──────┬────────────┐
│ Name                                                      │ Type │ Size       │
├───────────────────────────────────────────────────────────┼──────┼────────────┤
│ chunks/404_1Mftm-1x.mjs                                   │ esm  │ 2.09 KiB   │
├───────────────────────────────────────────────────────────┼──────┼────────────┤
│ chunks/500_BNDOKkED.mjs                                   │ esm  │ 2.10 KiB   │
├───────────────────────────────────────────────────────────┼──────┼────────────┤
│ chunks/about_aj50nphq.mjs                                 │ esm  │ 8.22 KiB   │
├───────────────────────────────────────────────────────────┼──────┼────────────┤
│ chunks/assets_CAeSya_J.mjs                                │ esm  │ 52.53 KiB  │
├───────────────────────────────────────────────────────────┼──────┼────────────┤
│ chunks/BaseLayout_BmAY7PDL.mjs                            │ esm  │ 3.93 KiB   │
├───────────────────────────────────────────────────────────┼──────┼────────────┤
│ chunks/become-a-partner_CuroLLnG.mjs                      │ esm  │ 11.29 KiB  │
├───────────────────────────────────────────────────────────┼──────┼────────────┤
│ chunks/browser_fGGfjIbc.mjs                               │ esm  │ 26.31 KiB  │
├───────────────────────────────────────────────────────────┼──────┼────────────┤
│ chunks/compiler_CGJnyrCR.mjs                              │ esm  │ 0.09 KiB   │
├───────────────────────────────────────────────────────────┼──────┼────────────┤
│ chunks/contact__ZRFY2SY.mjs                               │ esm  │ 10.50 KiB  │
├───────────────────────────────────────────────────────────┼──────┼────────────┤
│ chunks/disclaimer_D_jtdpZp.mjs                            │ esm  │ 4.98 KiB   │
├───────────────────────────────────────────────────────────┼──────┼────────────┤
│ chunks/Footer_E8Qs-OlQ.mjs                                │ esm  │ 229.23 KiB │
├───────────────────────────────────────────────────────────┼──────┼────────────┤
│ chunks/image-service-workerd_DESbxlE8.mjs                 │ esm  │ 0.43 KiB   │
├───────────────────────────────────────────────────────────┼──────┼────────────┤
│ chunks/image-transform-endpoint_Bq9lDLTG.mjs              │ esm  │ 24.78 KiB  │
├───────────────────────────────────────────────────────────┼──────┼────────────┤
│ chunks/index_CEyGLyQC.mjs                                 │ esm  │ 28.39 KiB  │
├───────────────────────────────────────────────────────────┼──────┼────────────┤
│ chunks/noop-entrypoint_BYLrzUxc.mjs                       │ esm  │ 0.15 KiB   │
├───────────────────────────────────────────────────────────┼──────┼────────────┤
│ chunks/PortableText_CcICTNx7.mjs                          │ esm  │ 19.54 KiB  │
├───────────────────────────────────────────────────────────┼──────┼────────────┤
│ chunks/portfolio_B7HqabWq.mjs                             │ esm  │ 8.17 KiB   │
├───────────────────────────────────────────────────────────┼──────┼────────────┤
│ chunks/pricing_DqlTfSIR.mjs                               │ esm  │ 10.86 KiB  │
├───────────────────────────────────────────────────────────┼──────┼────────────┤
│ chunks/privacy_UzuK_80w.mjs                               │ esm  │ 5.44 KiB   │
├───────────────────────────────────────────────────────────┼──────┼────────────┤
│ chunks/react_DbpihYAH.mjs                                 │ esm  │ 15.29 KiB  │
├───────────────────────────────────────────────────────────┼──────┼────────────┤
│ chunks/remote_fyhx_vxk.mjs                                │ esm  │ 5.64 KiB   │
├───────────────────────────────────────────────────────────┼──────┼────────────┤
│ chunks/rolldown-runtime_C1qw6IGW.mjs                      │ esm  │ 1.43 KiB   │
├───────────────────────────────────────────────────────────┼──────┼────────────┤
│ chunks/server_BGFVaZdb.mjs                                │ esm  │ 159.73 KiB │
├───────────────────────────────────────────────────────────┼──────┼────────────┤
│ chunks/services_1eYQ4VmX.mjs                              │ esm  │ 10.64 KiB  │
├───────────────────────────────────────────────────────────┼──────┼────────────┤
│ chunks/shorthash_CHw-S7Ke.mjs                             │ esm  │ 23.30 KiB  │
├───────────────────────────────────────────────────────────┼──────┼────────────┤
│ chunks/static-image-collection_C3koABWV.mjs               │ esm  │ 1.99 KiB   │
├───────────────────────────────────────────────────────────┼──────┼────────────┤
│ chunks/stegaEncodeSourceMap_AdlG1JD5.mjs                  │ esm  │ 12.44 KiB  │
├───────────────────────────────────────────────────────────┼──────┼────────────┤
│ chunks/studio_fluCNxFX.mjs                                │ esm  │ 1.43 KiB   │
├───────────────────────────────────────────────────────────┼──────┼────────────┤
│ chunks/terms-conditions_DeSAd-TY.mjs                      │ esm  │ 5.92 KiB   │
├───────────────────────────────────────────────────────────┼──────┼────────────┤
│ chunks/vnode-children_BpC97kVJ.mjs                        │ esm  │ 4.15 KiB   │
├───────────────────────────────────────────────────────────┼──────┼────────────┤
│ chunks/_virtual_astro_server-island-manifest_q0HM18kM.mjs │ esm  │ 0.27 KiB   │
├───────────────────────────────────────────────────────────┼──────┼────────────┤
│ chunks/_virtual_astro_session-driver_TyipGO2P.mjs         │ esm  │ 2.88 KiB   │
├───────────────────────────────────────────────────────────┼──────┼────────────┤
│ virtual_astro_middleware.mjs                              │ esm  │ 0.15 KiB   │
├───────────────────────────────────────────────────────────┼──────┼────────────┤
│ Total (33 modules)                                        │      │ 694.28 KiB │
└───────────────────────────────────────────────────────────┴──────┴────────────┘
🌀 Building list of assets...
✨ Read 85 files from the assets directory F:\learning\website_development\siddharthstudious\puffy-parallax\dist\client
🌀 Starting asset upload...
No updated asset files to upload. Proceeding with deployment...
Total Upload: 1462.35 KiB / gzip: 342.23 KiB

Experimental: The following bindings need to be provisioned:
Binding             Resource          
env.SESSION         KV Namespace      


Provisioning SESSION (KV Namespace)...
🌀 Creating new KV Namespace "puffy-parallax-session"...

[31mX [41;31m[[41;97mERROR[41;31m][0m [1mA request to the Cloudflare API (/accounts/0078299378f931775b6bbd564a160fcc/storage/kv/namespaces) failed.[0m

  a namespace with this account ID and title already exists [code: 10014]
  
  If you think this is a bug, please open an issue at: [4mhttps://github.com/cloudflare/workers-sdk/issues/new/choose[0m


🪵  Logs were written to "C:\Users\shubh\AppData\Roaming\xdg.config\.wrangler\logs\wrangler-2026-06-29_19-48-03_397.log"
